<?xml version="1.0" encoding="UTF-8"?>
<testsuite xmlns:xsi="http://www.w3.org/2001/XMLSchema-instance" xsi:noNamespaceSchemaLocation="https://maven.apache.org/surefire/maven-surefire-plugin/xsd/surefire-test-report.xsd" version="3.0.2" name="com.bajaj.bajajwebhookchallenge.BajajwebhookchallengeApplicationTests" time="6.085" tests="1" errors="0" skipped="0" failures="0">
  <properties>
[...]
</properties>
  <testcase name="contextLoads" classname="com.bajaj.bajajwebhookchallenge.BajajwebhookchallengeApplicationTests" time="1.377">
    <system-out><![CDATA[15:45:06.565 [main] INFO org.springframework.test.context.support.AnnotationConfigContextLoaderUtils -- Could not detect default configuration classes for test class [com.bajaj.bajajwebhookchallenge.BajajwebhookchallengeApplicationTests]: BajajwebhookchallengeApplicationTests does not declare any static, non-private, non-final, nested classes annotated with @Configuration.
15:45:06.774 [main] INFO org.springframework.boot.test.context.SpringBootTestContextBootstrapper -- Found @SpringBootConfiguration com.bajaj.bajajwebhookchallenge.BajajwebhookchallengeApplication for test class com.bajaj.bajajwebhookchallenge.BajajwebhookchallengeApplicationTests

  .   ____          _            __ _ _
 /\\ / ___'_ __ _ _(_)_ __  __ _ \ \ \ \
( ( )\___ | '_ | '_| | '_ \/ _` | \ \ \ \
 \\/  ___)| |_)| | | | | || (_| |  ) ) ) )
  '  |____| .__|_| |_|_| |_\__, | / / / /
 =========|_|==============|___/=/_/_/_/

 :: Spring Boot ::      (v3.4.12-SNAPSHOT)

2025-11-11T15:45:07.576+05:30  INFO 35824 --- [bajajwebhookchallenge] [           main] .b.BajajwebhookchallengeApplicationTests : Starting BajajwebhookchallengeApplicationTests using Java 21.0.1 with PID 35824 (started by Abhishek in C:\spring-workspace\bajajwebhookchallenge)
2025-11-11T15:45:07.579+05:30  INFO 35824 --- [bajajwebhookchallenge] [           main] .b.BajajwebhookchallengeApplicationTests : No active profile set, falling back to 1 default profile: "default"
2025-11-11T15:45:09.204+05:30  INFO 35824 --- [bajajwebhookchallenge] [           main] .b.BajajwebhookchallengeApplicationTests : Started BajajwebhookchallengeApplicationTests in 2.12 seconds (process running for 3.96)
=== Bajaj Webhook Challenge Started ===
Generating webhook and token...
API response: {webhook=https://bfhldevapigw.healthrx.co.in/hiring/testWebhook/JAVA, accessToken=eyJhbGciOiJIUzI1NiJ9.eyJyZWdObyI6IlUyNVVWMjJUMDQwMDE5IiwibmFtZSI6Ikd1cnVyYWogQmlyYWRhciIsImVtYWlsIjoiZ3VydXJhamJpcmFkYXI1MDFAZ21haWwuY29tIiwic3ViIjoid2ViaG9vay11c2VyIiwiaWF0IjoxNzYyODU2MTEwLCJleHAiOjE3NjI4NTcwMTB9.uHIxJuRm-hq7SXSMxTIAQP7PJ8GTNRcDjUcIDMrTYgI}
Webhook URL: https://bfhldevapigw.healthrx.co.in/hiring/testWebhook/JAVA
Access Token: eyJhbGciOiJIUzI1NiJ9.eyJyZWdObyI6IlUyNVVWMjJUMDQwMDE5IiwibmFtZSI6Ikd1cnVyYWogQmlyYWRhciIsImVtYWlsIjoiZ3VydXJhamJpcmFkYXI1MDFAZ21haWwuY29tIiwic3ViIjoid2ViaG9vay11c2VyIiwiaWF0IjoxNzYyODU2MTEwLCJleHAiOjE3NjI4NTcwMTB9.uHIxJuRm-hq7SXSMxTIAQP7PJ8GTNRcDjUcIDMrTYgI
Final SQL Query: SELECT p.AMOUNT AS SALARY, CONCAT(e.FIRST_NAME, ' ', e.LAST_NAME) AS NAME, TIMESTAMPDIFF(YEAR, e.DOB, CURDATE()) AS AGE, d.DEPARTMENT_NAME FROM PAYMENTS p JOIN EMPLOYEE e ON p.EMP_ID = e.EMP_ID JOIN DEPARTMENT d ON e.DEPARTMENT = d.DEPARTMENT_ID WHERE DAY(p.PAYMENT_TIME) != 1 ORDER BY p.AMOUNT DESC LIMIT 1;
Submitting your solution...
Submission Response: {"success":true,"message":"Webhook processed successfully"}
=== Challenge Completed Successfully ===
]]></system-out>
    <system-err><![CDATA[Mockito is currently self-attaching to enable the inline-mock-maker. This will no longer work in future releases of the JDK. Please add Mockito as an agent to your build what is described in Mockito's documentation: https://javadoc.io/doc/org.mockito/mockito-core/latest/org/mockito/Mockito.html#0.3
WARNING: A Java agent has been loaded dynamically (C:\Users\Abhishek\.m2\repository\net\bytebuddy\byte-buddy-agent\1.15.11\byte-buddy-agent-1.15.11.jar)
WARNING: If a serviceability tool is in use, please run with -XX:+EnableDynamicAgentLoading to hide this warning
WARNING: If a serviceability tool is not in use, please run with -Djdk.instrument.traceUsage for more information
WARNING: Dynamic loading of agents will be disallowed by default in a future release
]]></system-err>
  </testcase>
</testsuite>